<?xml version="1.0" encoding="UTF-8"?>
<testsuite name="Tests" tests="4" skipped="0" failures="0" errors="0" timestamp="2021-03-16T22:47:21" hostname="DIDO-ASUS" time="0.006">
  <properties/>
  <testcase name="testDeckIterator" classname="Tests" time="0.004"/>
  <testcase name="testCard" classname="Tests" time="0.0"/>
  <testcase name="testDeck" classname="Tests" time="0.0"/>
  <testcase name="testHand" classname="Tests" time="0.001"/>
  <system-out><![CDATA[]]></system-out>
  <system-err><![CDATA[]]></system-err>
</testsuite>
